<?xml version="1.0" encoding="UTF-8"?>
<!-- Generated by org.testng.reporters.JUnitXMLReporter -->
<testsuite hostname="LAPTOP-B351IJEI" ignored="0" name="BankingApp Test" tests="1" failures="1" timestamp="2022-10-29T20:47:06 CDT" time="7.264" errors="0">
  <testcase name="LoginTest" time="3.548" classname="com.BankingProject.TestCases.TestCase_LoginTest_001">
    <failure type="java.lang.AssertionError">
      <![CDATA[java.lang.AssertionError
at org.junit.Assert.fail(Assert.java:86)
at org.junit.Assert.assertTrue(Assert.java:41)
at org.junit.Assert.assertTrue(Assert.java:52)
at com.BankingProject.TestCases.TestCase_LoginTest_001.LoginTest(TestCase_LoginTest_001.java:47)
at java.util.ArrayList.forEach(ArrayList.java:1259)
... Removed 27 stack frames]]>
    </failure>
  </testcase> <!-- LoginTest -->
</testsuite> <!-- BankingApp Test -->
